[04:17:37] [ServerMain/INFO]: Environment: authHost='https://authserver.mojang.com', accountsHost='https://api.mojang.com', sessionHost='https://sessionserver.mojang.com', servicesHost='https://api.minecraftservices.com', name='PROD'
[04:17:39] [ServerMain/ERROR]: Parsing error loading recipe minecraft:tuff
com.google.gson.JsonSyntaxException: Pattern references symbol 'S' but it's not defined in the key
	at cjh.a(SourceFile:150) ~[server-1.20.jar:?]
	at cjh$a.b(SourceFile:291) ~[server-1.20.jar:?]
	at cjh$a.a(SourceFile:279) ~[server-1.20.jar:?]
	at cjd.a(SourceFile:135) ~[server-1.20.jar:?]
	at cjd.a(SourceFile:56) ~[server-1.20.jar:?]
	at cjd.a(SourceFile:35) ~[server-1.20.jar:?]
	at alc.a(SourceFile:13) ~[server-1.20.jar:?]
	at java.util.concurrent.CompletableFuture$UniAccept.tryFire(CompletableFuture.java:718) ~[?:?]
	at java.util.concurrent.CompletableFuture$Completion.run(CompletableFuture.java:482) ~[?:?]
	at ald.a(SourceFile:69) ~[server-1.20.jar:?]
	at ac.a(SourceFile:950) ~[server-1.20.jar:?]
	at ac.c(SourceFile:938) ~[server-1.20.jar:?]
	at net.minecraft.server.Main.main(SourceFile:160) ~[server-1.20.jar:?]
	at net.minecraft.bundler.Main.lambda$run$0(Main.java:54) ~[?:?]
	at java.lang.Thread.run(Thread.java:1583) ~[?:?]
[04:17:39] [ServerMain/INFO]: Loaded 7 recipes
[04:17:39] [ServerMain/INFO]: Loaded 1548 advancements
[04:17:40] [Server thread/INFO]: Starting minecraft server version 1.20
[04:17:40] [Server thread/INFO]: Loading properties
[04:17:40] [Server thread/INFO]: Default game type: SURVIVAL
[04:17:40] [Server thread/INFO]: Generating keypair
[04:17:40] [Server thread/INFO]: Starting Minecraft server on *:25565
[04:17:40] [Server thread/INFO]: Using epoll channel type
[04:17:40] [Server thread/WARN]: **** SERVER IS RUNNING IN OFFLINE/INSECURE MODE!
[04:17:40] [Server thread/WARN]: The server will make no attempt to authenticate usernames. Beware.
[04:17:40] [Server thread/WARN]: While this makes the game possible to play without internet access, it also opens up the ability for hackers to connect with any username they choose.
[04:17:40] [Server thread/WARN]: To change this, set "online-mode" to "true" in the server.properties file.
[04:17:40] [Server thread/INFO]: Preparing level "world"
[04:17:40] [Server thread/INFO]: Preparing start region for dimension minecraft:overworld
[04:17:42] [Worker-Main-2/INFO]: Preparing spawn area: 0%
[04:17:42] [Worker-Main-3/INFO]: Preparing spawn area: 0%
[04:17:42] [Worker-Main-1/INFO]: Preparing spawn area: 0%
[04:17:42] [Worker-Main-1/INFO]: Preparing spawn area: 0%
[04:17:42] [Worker-Main-2/INFO]: Preparing spawn area: 0%
[04:17:42] [Worker-Main-3/INFO]: Preparing spawn area: 23%
[04:17:43] [Server thread/INFO]: Time elapsed: 2928 ms
[04:17:43] [Server thread/INFO]: Done (3.072s)! For help, type "help"
[04:17:45] [Server thread/WARN]: Can't keep up! Is the server overloaded? Running 2168ms or 43 ticks behind
[04:21:16] [Server thread/INFO]: CevIOB[/100.75.127.87:57994] logged in with entity id 4197 at (2.600204593919337, 71.0, 10.584416576202422)
[04:21:16] [Server thread/INFO]: CevIOB joined the game
[04:51:17] [Server thread/INFO]: [CevIOB: Set own game mode to Creative Mode]
[04:51:27] [Server thread/INFO]: [CevIOB: Set own game mode to Survival Mode]
[05:09:02] [Server thread/WARN]: CevIOB moved wrongly!
[05:12:40] [Server thread/INFO]: panchitkbroto[/100.75.127.87:59308] logged in with entity id 7406 at (-3.089985752049215, 71.0, 5.33727979847452)
[05:12:40] [Server thread/INFO]: panchitkbroto joined the game
[05:12:46] [Server thread/INFO]: panchitkbroto lost connection: Disconnected
[05:12:46] [Server thread/INFO]: panchitkbroto left the game
[05:13:21] [Server thread/INFO]: panchitkbroto[/100.75.127.87:59369] logged in with entity id 7459 at (-3.089985752049215, 71.0, 5.33727979847452)
[05:13:21] [Server thread/INFO]: panchitkbroto joined the game
[05:45:48] [Server thread/INFO]: panchitkbroto lost connection: Disconnected
[05:45:48] [Server thread/INFO]: panchitkbroto left the game
[05:56:32] [Server thread/WARN]: Mismatch in destroy block pos: gu{x=4, y=93, z=23} gu{x=3, y=92, z=22}
[05:56:32] [Server thread/WARN]: Mismatch in destroy block pos: gu{x=4, y=93, z=23} gu{x=3, y=92, z=22}
[06:04:18] [Server thread/WARN]: Mismatch in destroy block pos: gu{x=-10, y=100, z=17} gu{x=-10, y=98, z=17}
[06:05:28] [Server thread/WARN]: Mismatch in destroy block pos: gu{x=-11, y=90, z=10} gu{x=-10, y=88, z=9}
[06:06:01] [Server thread/WARN]: Mismatch in destroy block pos: gu{x=0, y=84, z=11} gu{x=2, y=83, z=11}
[06:06:01] [Server thread/WARN]: Mismatch in destroy block pos: gu{x=2, y=83, z=11} gu{x=2, y=83, z=10}
[06:06:43] [Server thread/WARN]: Mismatch in destroy block pos: gu{x=6, y=80, z=8} gu{x=5, y=80, z=8}
[06:09:28] [Server thread/WARN]: Mismatch in destroy block pos: gu{x=-10, y=73, z=9} gu{x=-10, y=75, z=9}
[06:11:52] [Server thread/INFO]: biviri[/100.71.113.100:53967] logged in with entity id 18571 at (-9.518986551801882, 71.0, -9.551189075039932)
[06:11:52] [Server thread/INFO]: biviri joined the game
[06:11:59] [Server thread/WARN]: Mismatch in destroy block pos: gu{x=-10, y=83, z=23} gu{x=-11, y=80, z=26}
[06:11:59] [Server thread/WARN]: Mismatch in destroy block pos: gu{x=-10, y=83, z=23} gu{x=-11, y=80, z=26}
[06:11:59] [Server thread/WARN]: Mismatch in destroy block pos: gu{x=-10, y=83, z=23} gu{x=-11, y=80, z=26}
[06:12:05] [Server thread/WARN]: Mismatch in destroy block pos: gu{x=-8, y=81, z=21} gu{x=-8, y=83, z=25}
[06:12:11] [Server thread/WARN]: Mismatch in destroy block pos: gu{x=-12, y=81, z=22} gu{x=-12, y=80, z=22}
[06:17:05] [Server thread/INFO]: [CevIOB: Set the weather to clear]
[06:26:34] [Server thread/INFO]: biviri lost connection: Disconnected
[06:26:34] [Server thread/INFO]: biviri left the game
[06:26:59] [Server thread/INFO]: biviri[/100.71.113.100:54198] logged in with entity id 23781 at (101.94254125614339, -80.04244580990029, -73.23253389695306)
[06:26:59] [Server thread/INFO]: biviri joined the game
[06:26:59] [Server thread/INFO]: [CevIOB: Teleported biviri to CevIOB]
[06:54:49] [Server thread/WARN]: CevIOB moved wrongly!
[06:56:30] [Server thread/WARN]: CevIOB moved wrongly!
[06:57:29] [Server thread/WARN]: Mismatch in destroy block pos: gu{x=7, y=92, z=14} gu{x=4, y=92, z=16}
[07:03:55] [Server thread/WARN]: Mismatch in destroy block pos: gu{x=8, y=78, z=17} gu{x=11, y=78, z=17}
[07:03:55] [Server thread/WARN]: Mismatch in destroy block pos: gu{x=7, y=78, z=17} gu{x=11, y=78, z=17}
[07:03:55] [Server thread/WARN]: Mismatch in destroy block pos: gu{x=9, y=78, z=18} gu{x=11, y=78, z=17}
[07:15:45] [Server thread/INFO]: biviri lost connection: Disconnected
[07:15:45] [Server thread/INFO]: biviri left the game
[07:26:34] [Server thread/INFO]: [CevIOB: Set own game mode to Spectator Mode]
[07:26:40] [Server thread/INFO]: [CevIOB: Set own game mode to Survival Mode]
[07:26:41] [Server thread/INFO]: [CevIOB: Set own game mode to Creative Mode]
[07:26:55] [Server thread/INFO]: [CevIOB: Set own game mode to Survival Mode]
[07:29:34] [Server thread/INFO]: [CevIOB: Set own game mode to Creative Mode]
[07:29:45] [Server thread/INFO]: [CevIOB: Set own game mode to Survival Mode]
[07:36:06] [Server thread/INFO]: CevIOB lost connection: Disconnected
[07:36:06] [Server thread/INFO]: CevIOB left the game
[07:36:14] [Server thread/INFO]: Stopping the server
[07:36:14] [Server thread/INFO]: Stopping server
[07:36:14] [Server thread/INFO]: Saving players
[07:36:14] [Server thread/INFO]: Saving worlds
[07:36:14] [Server thread/INFO]: Saving chunks for level 'ServerLevel[SKYBLOCK 1.20]'/minecraft:overworld
[07:36:15] [Server thread/INFO]: Saving chunks for level 'ServerLevel[SKYBLOCK 1.20]'/minecraft:the_end
[07:36:15] [Server thread/INFO]: Saving chunks for level 'ServerLevel[SKYBLOCK 1.20]'/minecraft:the_nether
[07:36:15] [Server thread/INFO]: ThreadedAnvilChunkStorage (world): All chunks are saved
[07:36:15] [Server thread/INFO]: ThreadedAnvilChunkStorage (DIM1): All chunks are saved
[07:36:15] [Server thread/INFO]: ThreadedAnvilChunkStorage (DIM-1): All chunks are saved
[07:36:15] [Server thread/INFO]: ThreadedAnvilChunkStorage: All dimensions are saved
